<?xml version="1.0" encoding="UTF-8"?>
<testsuite name="runners.RunnerTags" tests="0" skipped="0" failures="0" errors="0" timestamp="1970-01-01T00:00:00" hostname="DESKTOP-BEEVPKJ" time="0.0">
  <properties/>
  <system-out><![CDATA[REGISTER BASE STEP LISTENER net.thucydides.core.steps.BaseStepListener@132fff2a

?[31mFailed scenarios:?[0m
?[31msrc/test/resources/features/automationChallenge.feature:19 ?[0m# Create a new profile complying with all the page requirements

1 Scenarios (?[31m1 failed?[0m)
3 Steps (?[31m1 failed?[0m, ?[36m1 skipped?[0m, ?[32m1 passed?[0m)
0m35,621s

java.lang.UnsupportedOperationException: The of() method is not supported for By-type Targets
	at net.serenitybdd.screenplay.targets.ByTarget.of(ByTarget.java:67)
	at net.serenitybdd.screenplay.targets.ByTarget.of(ByTarget.java:15)
	at task.Fill.performAs(Fill.java:41)
	at task.Fill$ByteBuddy$UabyflfX.performAs$accessor$lEhMcquN(Unknown Source)
	at sun.reflect.NativeMethodAccessorImpl.invoke0(Native Method)
	at sun.reflect.NativeMethodAccessorImpl.invoke(NativeMethodAccessorImpl.java:62)
	at sun.reflect.DelegatingMethodAccessorImpl.invoke(DelegatingMethodAccessorImpl.java:43)
	at java.lang.reflect.Method.invoke(Method.java:498)
	at net.thucydides.core.steps.StepInterceptor.invokeMethod(StepInterceptor.java:471)
	at net.thucydides.core.steps.StepInterceptor.executeTestStepMethod(StepInterceptor.java:451)
	at net.thucydides.core.steps.StepInterceptor.runTestStep(StepInterceptor.java:424)
	at net.thucydides.core.steps.StepInterceptor.runOrSkipMethod(StepInterceptor.java:180)
	at net.thucydides.core.steps.StepInterceptor.testStepResult(StepInterceptor.java:167)
	at net.thucydides.core.steps.StepInterceptor.intercept(StepInterceptor.java:75)
	at task.Fill$ByteBuddy$UabyflfX.performAs(Unknown Source)
	at net.serenitybdd.screenplay.Actor.performTask(Actor.java:233)
	at net.serenitybdd.screenplay.Actor.perform(Actor.java:214)
	at net.serenitybdd.screenplay.Actor.attemptsTo(Actor.java:171)
	at stepdefinitions.AutomationChallengeStepDefinitions.heComplyingAllTheRequireSteps(AutomationChallengeStepDefinitions.java:23)
	at ?.he complying all the require steps(src/test/resources/features/automationChallenge.feature:10)

]]></system-out>
  <system-err><![CDATA[[Test worker] INFO net.thucydides.core.steps.ConsoleLoggingListener - 

-------------------------------------------------------------------------------------
     _______. _______ .______       _______ .__   __.  __  .___________.____    ____ 
    /       ||   ____||   _  \     |   ____||  \ |  | |  | |           |\   \  /   / 
   |   (----`|  |__   |  |_)  |    |  |__   |   \|  | |  | `---|  |----` \   \/   /  
    \   \    |   __|  |      /     |   __|  |  . `  | |  |     |  |       \_    _/   
.----)   |   |  |____ |  |\  \----.|  |____ |  |\   | |  |     |  |         |  |     
|_______/    |_______|| _| `._____||_______||__| \__| |__|     |__|         |__|    
                                                                                     
 News and tutorials at http://www.serenity-bdd.info                                  
 Documentation at https://wakaleo.gitbooks.io/the-serenity-book/content/             
 Join the Serenity Community on Rocket Chat at https://serenity-bdd.rocket.chat      
 Serenity BDD Support and Training at http://serenity-bdd.info/#/trainingandsupport  
 Learn Serenity BDD online at http://serenity-dojo.com                               
-------------------------------------------------------------------------------------

[Test worker] INFO net.thucydides.core.steps.ConsoleLoggingListener - Test Suite Started: Create user on Utest.com
[Test worker] WARN net.thucydides.core.steps.BaseStepListener - testStarted: Create a new profile complying with all the page requirements/create-user-on-utest.com;create-a-new-profile-complying-with-all-the-page-requirements
[Test worker] INFO net.thucydides.core.steps.ConsoleLoggingListener - 
 _____ _____ ____ _____   ____ _____  _    ____ _____ _____ ____  
|_   _| ____/ ___|_   _| / ___|_   _|/ \  |  _ \_   _| ____|  _ \ 
  | | |  _| \___ \ | |   \___ \ | | / _ \ | |_) || | |  _| | | | |
  | | | |___ ___) || |    ___) || |/ ___ \|  _ < | | | |___| |_| |
  |_| |_____|____/ |_|   |____/ |_/_/   \_\_| \_\|_| |_____|____/ 
                                                                  

TEST STARTED: Create a new profile complying with all the page requirements
-------------------------------------------------------------------(create-user-on-utest.com;create-a-new-profile-complying-with-all-the-page-requirements)
[Test worker] WARN net.thucydides.core.steps.BaseStepListener - stepStarted: net.thucydides.core.steps.ExecutedStepDescription@7eeda843
[pool-2-thread-1] INFO net.thucydides.core.requirements.PackageRequirementsTagProvider - Loading requirements from package requirements at: net.thucydides.showcase.cucumber.junit
]]></system-err>
</testsuite>
