<?xml version="1.0" encoding="UTF-8"?>
<testsuite name="Create user on Utest.com" tests="1" skipped="0" failures="1" errors="0" timestamp="2020-12-01T18:41:02" hostname="DESKTOP-BEEVPKJ" time="39.49">
  <properties/>
  <testcase name="Create a new profile complying with all the page requirements" classname="Create user on Utest.com" time="39.49">
    <failure message="cucumber.runtime.CucumberException: Arity mismatch: Step Definition 'stepdefinitions.AutomationChallengeStepDefinitions.theProfileIsCreateSuccessful(AutomationChallengeData&gt;) in file:/C:/Users/Usuario/IdeaProjects/retoTecnicoBancolombia/build/classes/java/test/' with pattern [^the profile is create successful$] is declared with 1 parameters. However, the gherkin step has 0 arguments []. &#10;Step text: the profile is create successful" type="cucumber.runtime.CucumberException">cucumber.runtime.CucumberException: Arity mismatch: Step Definition 'stepdefinitions.AutomationChallengeStepDefinitions.theProfileIsCreateSuccessful(AutomationChallengeData&gt;) in file:/C:/Users/Usuario/IdeaProjects/retoTecnicoBancolombia/build/classes/java/test/' with pattern [^the profile is create successful$] is declared with 1 parameters. However, the gherkin step has 0 arguments []. 
Step text: the profile is create successful
	at cucumber.runtime.StepDefinitionMatch.arityMismatch(StepDefinitionMatch.java:111)
	at cucumber.runtime.StepDefinitionMatch.transformedArgs(StepDefinitionMatch.java:66)
	at cucumber.runtime.StepDefinitionMatch.runStep(StepDefinitionMatch.java:40)
	at cucumber.api.TestStep.executeStep(TestStep.java:102)
	at cucumber.api.TestStep.run(TestStep.java:83)
	at cucumber.api.TestCase.run(TestCase.java:58)
	at cucumber.runner.Runner.runPickle(Runner.java:80)
	at cucumber.runtime.junit.PickleRunners$NoStepDescriptions.run(PickleRunners.java:140)
	at cucumber.runtime.junit.FeatureRunner.runChild(FeatureRunner.java:68)
	at cucumber.runtime.junit.FeatureRunner.runChild(FeatureRunner.java:23)
	at org.junit.runners.ParentRunner$3.run(ParentRunner.java:290)
	at org.junit.runners.ParentRunner$1.schedule(ParentRunner.java:71)
	at org.junit.runners.ParentRunner.runChildren(ParentRunner.java:288)
	at org.junit.runners.ParentRunner.access$000(ParentRunner.java:58)
	at org.junit.runners.ParentRunner$2.evaluate(ParentRunner.java:268)
	at org.junit.runners.ParentRunner.run(ParentRunner.java:363)
	at cucumber.runtime.junit.FeatureRunner.run(FeatureRunner.java:73)
	at cucumber.api.junit.Cucumber.runChild(Cucumber.java:118)
	at cucumber.api.junit.Cucumber.runChild(Cucumber.java:56)
	at org.junit.runners.ParentRunner$3.run(ParentRunner.java:290)
	at org.junit.runners.ParentRunner$1.schedule(ParentRunner.java:71)
	at org.junit.runners.ParentRunner.runChildren(ParentRunner.java:288)
	at org.junit.runners.ParentRunner.access$000(ParentRunner.java:58)
	at org.junit.runners.ParentRunner$2.evaluate(ParentRunner.java:268)
	at cucumber.api.junit.Cucumber$1.evaluate(Cucumber.java:127)
	at org.junit.runners.ParentRunner.run(ParentRunner.java:363)
	at org.gradle.api.internal.tasks.testing.junit.JUnitTestClassExecutor.runTestClass(JUnitTestClassExecutor.java:110)
	at org.gradle.api.internal.tasks.testing.junit.JUnitTestClassExecutor.execute(JUnitTestClassExecutor.java:58)
	at org.gradle.api.internal.tasks.testing.junit.JUnitTestClassExecutor.execute(JUnitTestClassExecutor.java:38)
	at org.gradle.api.internal.tasks.testing.junit.AbstractJUnitTestClassProcessor.processTestClass(AbstractJUnitTestClassProcessor.java:62)
	at org.gradle.api.internal.tasks.testing.SuiteTestClassProcessor.processTestClass(SuiteTestClassProcessor.java:51)
	at sun.reflect.NativeMethodAccessorImpl.invoke0(Native Method)
	at sun.reflect.NativeMethodAccessorImpl.invoke(NativeMethodAccessorImpl.java:62)
	at sun.reflect.DelegatingMethodAccessorImpl.invoke(DelegatingMethodAccessorImpl.java:43)
	at java.lang.reflect.Method.invoke(Method.java:498)
	at org.gradle.internal.dispatch.ReflectionDispatch.dispatch(ReflectionDispatch.java:36)
	at org.gradle.internal.dispatch.ReflectionDispatch.dispatch(ReflectionDispatch.java:24)
	at org.gradle.internal.dispatch.ContextClassLoaderDispatch.dispatch(ContextClassLoaderDispatch.java:33)
	at org.gradle.internal.dispatch.ProxyDispatchAdapter$DispatchingInvocationHandler.invoke(ProxyDispatchAdapter.java:94)
	at com.sun.proxy.$Proxy2.processTestClass(Unknown Source)
	at org.gradle.api.internal.tasks.testing.worker.TestWorker.processTestClass(TestWorker.java:118)
	at sun.reflect.NativeMethodAccessorImpl.invoke0(Native Method)
	at sun.reflect.NativeMethodAccessorImpl.invoke(NativeMethodAccessorImpl.java:62)
	at sun.reflect.DelegatingMethodAccessorImpl.invoke(DelegatingMethodAccessorImpl.java:43)
	at java.lang.reflect.Method.invoke(Method.java:498)
	at org.gradle.internal.dispatch.ReflectionDispatch.dispatch(ReflectionDispatch.java:36)
	at org.gradle.internal.dispatch.ReflectionDispatch.dispatch(ReflectionDispatch.java:24)
	at org.gradle.internal.remote.internal.hub.MessageHubBackedObjectConnection$DispatchWrapper.dispatch(MessageHubBackedObjectConnection.java:182)
	at org.gradle.internal.remote.internal.hub.MessageHubBackedObjectConnection$DispatchWrapper.dispatch(MessageHubBackedObjectConnection.java:164)
	at org.gradle.internal.remote.internal.hub.MessageHub$Handler.run(MessageHub.java:412)
	at org.gradle.internal.concurrent.ExecutorPolicy$CatchAndRecordFailures.onExecute(ExecutorPolicy.java:64)
	at org.gradle.internal.concurrent.ManagedExecutorImpl$1.run(ManagedExecutorImpl.java:48)
	at java.util.concurrent.ThreadPoolExecutor.runWorker(ThreadPoolExecutor.java:1149)
	at java.util.concurrent.ThreadPoolExecutor$Worker.run(ThreadPoolExecutor.java:624)
	at org.gradle.internal.concurrent.ThreadFactoryImpl$ManagedThreadRunnable.run(ThreadFactoryImpl.java:56)
	at java.lang.Thread.run(Thread.java:748)
</failure>
  </testcase>
  <system-out><![CDATA[]]></system-out>
  <system-err><![CDATA[[Test worker] WARN net.thucydides.core.steps.BaseStepListener - stepStarted: net.thucydides.core.steps.ExecutedStepDescription@506b9d2b
[Test worker] WARN net.thucydides.core.steps.BaseStepListener - stepStarted: net.thucydides.core.steps.ExecutedStepDescription@4e3ed2cf
[Test worker] WARN net.thucydides.core.steps.BaseStepListener - stepStarted: net.thucydides.core.steps.ExecutedStepDescription@18aaffc7
dic 01, 2020 1:41:04 PM org.openqa.selenium.remote.DesiredCapabilities chrome
INFORMACIÓN: Using `new ChromeOptions()` is preferred to `DesiredCapabilities.chrome()`
[Test worker] INFO net.serenitybdd.core.webdriver.driverproviders.ProvideNewDriver - Instantiating driver
[Test worker] INFO net.serenitybdd.core.webdriver.driverproviders.ProvideNewDriver - Driver capabilities: Capabilities {acceptInsecureCerts: false, browserName: chrome, chrome.switches: --start-maximized, goog:chromeOptions: {args: [--start-maximized], extensions: []}, loggingPrefs: org.openqa.selenium.logging..., platform: ANY, version: }
Starting ChromeDriver 86.0.4240.22 (398b0743353ff36fb1b82468f63a3a93b4e2e89e-refs/branch-heads/4240@{#378}) on port 18921
Only local connections are allowed.
Please see https://chromedriver.chromium.org/security-considerations for suggestions on keeping ChromeDriver safe.
ChromeDriver was started successfully.
[1606848068.980][WARNING]: This version of ChromeDriver has not been tested with Chrome version 87.
dic 01, 2020 1:41:11 PM org.openqa.selenium.remote.ProtocolHandshake createSession
INFORMACIÓN: Detected dialect: W3C
[Test worker] WARN net.thucydides.core.steps.BaseStepListener - stepFinished: current outcome:Create a new profile complying with all the page requirements:Example: {name=Pablo Andres, lastName=Hernandez, email=pabloneketsu@gmail.com, month=May, day=17, year=1992, city=Bogota, zip_code=110111, user=The Largest Community of Testers in the World, password=?8EkZ9nD/n6LDE_} [Given that Pablo wants create a new profile on Utest [Pablo open up [Pablo opens the Automation challenge page]]]
[Test worker] WARN net.thucydides.core.steps.BaseStepListener - stepStarted: net.thucydides.core.steps.ExecutedStepDescription@3d31d173
[Test worker] WARN net.thucydides.core.steps.BaseStepListener - stepFinished: current outcome:Create a new profile complying with all the page requirements:Example: {name=Pablo Andres, lastName=Hernandez, email=pabloneketsu@gmail.com, month=May, day=17, year=1992, city=Bogota, zip_code=110111, user=The Largest Community of Testers in the World, password=?8EkZ9nD/n6LDE_} [Given that Pablo wants create a new profile on Utest [Pablo open up [Pablo opens the Automation challenge page, Pablo clicks on button to start the creation of new profile]]]
[Test worker] WARN net.thucydides.core.steps.BaseStepListener - stepFinished: current outcome:Create a new profile complying with all the page requirements:Example: {name=Pablo Andres, lastName=Hernandez, email=pabloneketsu@gmail.com, month=May, day=17, year=1992, city=Bogota, zip_code=110111, user=The Largest Community of Testers in the World, password=?8EkZ9nD/n6LDE_} [Given that Pablo wants create a new profile on Utest [Pablo open up [Pablo opens the Automation challenge page, Pablo clicks on button to start the creation of new profile]]]
[Test worker] WARN net.thucydides.core.steps.BaseStepListener - stepFinished: current outcome:Create a new profile complying with all the page requirements:Example: {name=Pablo Andres, lastName=Hernandez, email=pabloneketsu@gmail.com, month=May, day=17, year=1992, city=Bogota, zip_code=110111, user=The Largest Community of Testers in the World, password=?8EkZ9nD/n6LDE_} [Given that Pablo wants create a new profile on Utest [Pablo open up [Pablo opens the Automation challenge page, Pablo clicks on button to start the creation of new profile]]]
[Test worker] WARN net.thucydides.core.steps.BaseStepListener - stepStarted: net.thucydides.core.steps.ExecutedStepDescription@15c0d42f
[Test worker] WARN net.thucydides.core.steps.BaseStepListener - stepStarted: net.thucydides.core.steps.ExecutedStepDescription@1978435d
[Test worker] WARN net.thucydides.core.steps.BaseStepListener - stepStarted: net.thucydides.core.steps.ExecutedStepDescription@10e7f92b
[Test worker] WARN net.thucydides.core.steps.BaseStepListener - stepFinished: current outcome:Create a new profile complying with all the page requirements:Example: {name=Pablo Andres, lastName=Hernandez, email=pabloneketsu@gmail.com, month=May, day=17, year=1992, city=Bogota, zip_code=110111, user=The Largest Community of Testers in the World, password=?8EkZ9nD/n6LDE_} [Given that Pablo wants create a new profile on Utest [Pablo open up [Pablo opens the Automation challenge page, Pablo clicks on button to start the creation of new profile]], When he complying all the require steps
| name | lastName | email | month | day | year | city | zip_code | user | password |
| Pablo Andres | Hernandez | pabloneketsu@gmail.com | May | 17 | 1992 | Bogota | 110111 | The Largest Community of Testers in the World | ?8EkZ9nD/n6LDE_ | [Pablo fill [Pablo enters 'Pablo Andres' into where we write the name]]]
[Test worker] WARN net.thucydides.core.steps.BaseStepListener - stepStarted: net.thucydides.core.steps.ExecutedStepDescription@73e9b956
[Test worker] WARN net.thucydides.core.steps.BaseStepListener - stepFinished: current outcome:Create a new profile complying with all the page requirements:Example: {name=Pablo Andres, lastName=Hernandez, email=pabloneketsu@gmail.com, month=May, day=17, year=1992, city=Bogota, zip_code=110111, user=The Largest Community of Testers in the World, password=?8EkZ9nD/n6LDE_} [Given that Pablo wants create a new profile on Utest [Pablo open up [Pablo opens the Automation challenge page, Pablo clicks on button to start the creation of new profile]], When he complying all the require steps
| name | lastName | email | month | day | year | city | zip_code | user | password |
| Pablo Andres | Hernandez | pabloneketsu@gmail.com | May | 17 | 1992 | Bogota | 110111 | The Largest Community of Testers in the World | ?8EkZ9nD/n6LDE_ | [Pablo fill [Pablo enters 'Pablo Andres' into where we write the name, Pablo enters 'Hernandez' into where we write the lastname]]]
[Test worker] WARN net.thucydides.core.steps.BaseStepListener - stepStarted: net.thucydides.core.steps.ExecutedStepDescription@e5b9725
[Test worker] WARN net.thucydides.core.steps.BaseStepListener - stepFinished: current outcome:Create a new profile complying with all the page requirements:Example: {name=Pablo Andres, lastName=Hernandez, email=pabloneketsu@gmail.com, month=May, day=17, year=1992, city=Bogota, zip_code=110111, user=The Largest Community of Testers in the World, password=?8EkZ9nD/n6LDE_} [Given that Pablo wants create a new profile on Utest [Pablo open up [Pablo opens the Automation challenge page, Pablo clicks on button to start the creation of new profile]], When he complying all the require steps
| name | lastName | email | month | day | year | city | zip_code | user | password |
| Pablo Andres | Hernandez | pabloneketsu@gmail.com | May | 17 | 1992 | Bogota | 110111 | The Largest Community of Testers in the World | ?8EkZ9nD/n6LDE_ | [Pablo fill [Pablo enters 'Pablo Andres' into where we write the name, Pablo enters 'Hernandez' into where we write the lastname, Pablo enters 'pabloneketsu@gmail.com' into where we write the email]]]
[Test worker] WARN net.thucydides.core.steps.BaseStepListener - stepStarted: net.thucydides.core.steps.ExecutedStepDescription@2cdaeebf
[Test worker] WARN net.thucydides.core.steps.BaseStepListener - stepFinished: current outcome:Create a new profile complying with all the page requirements:Example: {name=Pablo Andres, lastName=Hernandez, email=pabloneketsu@gmail.com, month=May, day=17, year=1992, city=Bogota, zip_code=110111, user=The Largest Community of Testers in the World, password=?8EkZ9nD/n6LDE_} [Given that Pablo wants create a new profile on Utest [Pablo open up [Pablo opens the Automation challenge page, Pablo clicks on button to start the creation of new profile]], When he complying all the require steps
| name | lastName | email | month | day | year | city | zip_code | user | password |
| Pablo Andres | Hernandez | pabloneketsu@gmail.com | May | 17 | 1992 | Bogota | 110111 | The Largest Community of Testers in the World | ?8EkZ9nD/n6LDE_ | [Pablo fill [Pablo enters 'Pablo Andres' into where we write the name, Pablo enters 'Hernandez' into where we write the lastname, Pablo enters 'pabloneketsu@gmail.com' into where we write the email, Pablo clicks on where we write the month]]]
[Test worker] WARN net.thucydides.core.steps.BaseStepListener - stepStarted: net.thucydides.core.steps.ExecutedStepDescription@4bd9a477
[Test worker] WARN net.thucydides.core.steps.BaseStepListener - stepFinished: current outcome:Create a new profile complying with all the page requirements:Example: {name=Pablo Andres, lastName=Hernandez, email=pabloneketsu@gmail.com, month=May, day=17, year=1992, city=Bogota, zip_code=110111, user=The Largest Community of Testers in the World, password=?8EkZ9nD/n6LDE_} [Given that Pablo wants create a new profile on Utest [Pablo open up [Pablo opens the Automation challenge page, Pablo clicks on button to start the creation of new profile]], When he complying all the require steps
| name | lastName | email | month | day | year | city | zip_code | user | password |
| Pablo Andres | Hernandez | pabloneketsu@gmail.com | May | 17 | 1992 | Bogota | 110111 | The Largest Community of Testers in the World | ?8EkZ9nD/n6LDE_ | [Pablo fill [Pablo enters 'Pablo Andres' into where we write the name, Pablo enters 'Hernandez' into where we write the lastname, Pablo enters 'pabloneketsu@gmail.com' into where we write the email, Pablo clicks on where we write the month, Pablo clicks on where we write the day]]]
[Test worker] WARN net.thucydides.core.steps.BaseStepListener - stepStarted: net.thucydides.core.steps.ExecutedStepDescription@79752365
[Test worker] WARN net.thucydides.core.steps.BaseStepListener - stepFinished: current outcome:Create a new profile complying with all the page requirements:Example: {name=Pablo Andres, lastName=Hernandez, email=pabloneketsu@gmail.com, month=May, day=17, year=1992, city=Bogota, zip_code=110111, user=The Largest Community of Testers in the World, password=?8EkZ9nD/n6LDE_} [Given that Pablo wants create a new profile on Utest [Pablo open up [Pablo opens the Automation challenge page, Pablo clicks on button to start the creation of new profile]], When he complying all the require steps
| name | lastName | email | month | day | year | city | zip_code | user | password |
| Pablo Andres | Hernandez | pabloneketsu@gmail.com | May | 17 | 1992 | Bogota | 110111 | The Largest Community of Testers in the World | ?8EkZ9nD/n6LDE_ | [Pablo fill [Pablo enters 'Pablo Andres' into where we write the name, Pablo enters 'Hernandez' into where we write the lastname, Pablo enters 'pabloneketsu@gmail.com' into where we write the email, Pablo clicks on where we write the month, Pablo clicks on where we write the day, Pablo clicks on where we write the year]]]
[Test worker] WARN net.thucydides.core.steps.BaseStepListener - stepStarted: net.thucydides.core.steps.ExecutedStepDescription@97ed7eb
[Test worker] WARN net.thucydides.core.steps.BaseStepListener - stepFinished: current outcome:Create a new profile complying with all the page requirements:Example: {name=Pablo Andres, lastName=Hernandez, email=pabloneketsu@gmail.com, month=May, day=17, year=1992, city=Bogota, zip_code=110111, user=The Largest Community of Testers in the World, password=?8EkZ9nD/n6LDE_} [Given that Pablo wants create a new profile on Utest [Pablo open up [Pablo opens the Automation challenge page, Pablo clicks on button to start the creation of new profile]], When he complying all the require steps
| name | lastName | email | month | day | year | city | zip_code | user | password |
| Pablo Andres | Hernandez | pabloneketsu@gmail.com | May | 17 | 1992 | Bogota | 110111 | The Largest Community of Testers in the World | ?8EkZ9nD/n6LDE_ | [Pablo fill [Pablo enters 'Pablo Andres' into where we write the name, Pablo enters 'Hernandez' into where we write the lastname, Pablo enters 'pabloneketsu@gmail.com' into where we write the email, Pablo clicks on where we write the month, Pablo clicks on where we write the day, Pablo clicks on where we write the year, Pablo clicks on button to go to the next step:location]]]
[Test worker] WARN net.thucydides.core.steps.BaseStepListener - stepStarted: net.thucydides.core.steps.ExecutedStepDescription@694d96ac
[Test worker] WARN net.thucydides.core.steps.BaseStepListener - stepFinished: current outcome:Create a new profile complying with all the page requirements:Example: {name=Pablo Andres, lastName=Hernandez, email=pabloneketsu@gmail.com, month=May, day=17, year=1992, city=Bogota, zip_code=110111, user=The Largest Community of Testers in the World, password=?8EkZ9nD/n6LDE_} [Given that Pablo wants create a new profile on Utest [Pablo open up [Pablo opens the Automation challenge page, Pablo clicks on button to start the creation of new profile]], When he complying all the require steps
| name | lastName | email | month | day | year | city | zip_code | user | password |
| Pablo Andres | Hernandez | pabloneketsu@gmail.com | May | 17 | 1992 | Bogota | 110111 | The Largest Community of Testers in the World | ?8EkZ9nD/n6LDE_ | [Pablo fill [Pablo enters 'Pablo Andres' into where we write the name, Pablo enters 'Hernandez' into where we write the lastname, Pablo enters 'pabloneketsu@gmail.com' into where we write the email, Pablo clicks on where we write the month, Pablo clicks on where we write the day, Pablo clicks on where we write the year, Pablo clicks on button to go to the next step:location, Pablo enters 'Bogota' into select the city]]]
[Test worker] WARN net.thucydides.core.steps.BaseStepListener - stepStarted: net.thucydides.core.steps.ExecutedStepDescription@36d44dd4
[Test worker] WARN net.thucydides.core.steps.BaseStepListener - stepFinished: current outcome:Create a new profile complying with all the page requirements:Example: {name=Pablo Andres, lastName=Hernandez, email=pabloneketsu@gmail.com, month=May, day=17, year=1992, city=Bogota, zip_code=110111, user=The Largest Community of Testers in the World, password=?8EkZ9nD/n6LDE_} [Given that Pablo wants create a new profile on Utest [Pablo open up [Pablo opens the Automation challenge page, Pablo clicks on button to start the creation of new profile]], When he complying all the require steps
| name | lastName | email | month | day | year | city | zip_code | user | password |
| Pablo Andres | Hernandez | pabloneketsu@gmail.com | May | 17 | 1992 | Bogota | 110111 | The Largest Community of Testers in the World | ?8EkZ9nD/n6LDE_ | [Pablo fill [Pablo enters 'Pablo Andres' into where we write the name, Pablo enters 'Hernandez' into where we write the lastname, Pablo enters 'pabloneketsu@gmail.com' into where we write the email, Pablo clicks on where we write the month, Pablo clicks on where we write the day, Pablo clicks on where we write the year, Pablo clicks on button to go to the next step:location, Pablo enters 'Bogota' into select the city, Pablo types 'ARROW_DOWN' in select the city]]]
[Test worker] WARN net.thucydides.core.steps.BaseStepListener - stepStarted: net.thucydides.core.steps.ExecutedStepDescription@1aed0c88
[Test worker] WARN net.thucydides.core.steps.BaseStepListener - stepFinished: current outcome:Create a new profile complying with all the page requirements:Example: {name=Pablo Andres, lastName=Hernandez, email=pabloneketsu@gmail.com, month=May, day=17, year=1992, city=Bogota, zip_code=110111, user=The Largest Community of Testers in the World, password=?8EkZ9nD/n6LDE_} [Given that Pablo wants create a new profile on Utest [Pablo open up [Pablo opens the Automation challenge page, Pablo clicks on button to start the creation of new profile]], When he complying all the require steps
| name | lastName | email | month | day | year | city | zip_code | user | password |
| Pablo Andres | Hernandez | pabloneketsu@gmail.com | May | 17 | 1992 | Bogota | 110111 | The Largest Community of Testers in the World | ?8EkZ9nD/n6LDE_ | [Pablo fill [Pablo enters 'Pablo Andres' into where we write the name, Pablo enters 'Hernandez' into where we write the lastname, Pablo enters 'pabloneketsu@gmail.com' into where we write the email, Pablo clicks on where we write the month, Pablo clicks on where we write the day, Pablo clicks on where we write the year, Pablo clicks on button to go to the next step:location, Pablo enters 'Bogota' into select the city, Pablo types 'ARROW_DOWN' in select the city, Pablo types 'ENTER' in select the city]]]
[Test worker] WARN net.thucydides.core.steps.BaseStepListener - stepStarted: net.thucydides.core.steps.ExecutedStepDescription@48b30cab
[Test worker] WARN net.thucydides.core.steps.BaseStepListener - stepFinished: current outcome:Create a new profile complying with all the page requirements:Example: {name=Pablo Andres, lastName=Hernandez, email=pabloneketsu@gmail.com, month=May, day=17, year=1992, city=Bogota, zip_code=110111, user=The Largest Community of Testers in the World, password=?8EkZ9nD/n6LDE_} [Given that Pablo wants create a new profile on Utest [Pablo open up [Pablo opens the Automation challenge page, Pablo clicks on button to start the creation of new profile]], When he complying all the require steps
| name | lastName | email | month | day | year | city | zip_code | user | password |
| Pablo Andres | Hernandez | pabloneketsu@gmail.com | May | 17 | 1992 | Bogota | 110111 | The Largest Community of Testers in the World | ?8EkZ9nD/n6LDE_ | [Pablo fill [Pablo enters 'Pablo Andres' into where we write the name, Pablo enters 'Hernandez' into where we write the lastname, Pablo enters 'pabloneketsu@gmail.com' into where we write the email, Pablo clicks on where we write the month, Pablo clicks on where we write the day, Pablo clicks on where we write the year, Pablo clicks on button to go to the next step:location, Pablo enters 'Bogota' into select the city, Pablo types 'ARROW_DOWN' in select the city, Pablo types 'ENTER' in select the city, Pablo enters '110111' into write the postal code]]]
[Test worker] WARN net.thucydides.core.steps.BaseStepListener - stepStarted: net.thucydides.core.steps.ExecutedStepDescription@e81653
[Test worker] WARN net.thucydides.core.steps.BaseStepListener - stepFinished: current outcome:Create a new profile complying with all the page requirements:Example: {name=Pablo Andres, lastName=Hernandez, email=pabloneketsu@gmail.com, month=May, day=17, year=1992, city=Bogota, zip_code=110111, user=The Largest Community of Testers in the World, password=?8EkZ9nD/n6LDE_} [Given that Pablo wants create a new profile on Utest [Pablo open up [Pablo opens the Automation challenge page, Pablo clicks on button to start the creation of new profile]], When he complying all the require steps
| name | lastName | email | month | day | year | city | zip_code | user | password |
| Pablo Andres | Hernandez | pabloneketsu@gmail.com | May | 17 | 1992 | Bogota | 110111 | The Largest Community of Testers in the World | ?8EkZ9nD/n6LDE_ | [Pablo fill [Pablo enters 'Pablo Andres' into where we write the name, Pablo enters 'Hernandez' into where we write the lastname, Pablo enters 'pabloneketsu@gmail.com' into where we write the email, Pablo clicks on where we write the month, Pablo clicks on where we write the day, Pablo clicks on where we write the year, Pablo clicks on button to go to the next step:location, Pablo enters 'Bogota' into select the city, Pablo types 'ARROW_DOWN' in select the city, Pablo types 'ENTER' in select the city, Pablo enters '110111' into write the postal code, Pablo clicks on button to go to the next step:devices]]]
[Test worker] WARN net.thucydides.core.steps.BaseStepListener - stepStarted: net.thucydides.core.steps.ExecutedStepDescription@40b426b4
[Test worker] WARN net.thucydides.core.steps.BaseStepListener - stepFinished: current outcome:Create a new profile complying with all the page requirements:Example: {name=Pablo Andres, lastName=Hernandez, email=pabloneketsu@gmail.com, month=May, day=17, year=1992, city=Bogota, zip_code=110111, user=The Largest Community of Testers in the World, password=?8EkZ9nD/n6LDE_} [Given that Pablo wants create a new profile on Utest [Pablo open up [Pablo opens the Automation challenge page, Pablo clicks on button to start the creation of new profile]], When he complying all the require steps
| name | lastName | email | month | day | year | city | zip_code | user | password |
| Pablo Andres | Hernandez | pabloneketsu@gmail.com | May | 17 | 1992 | Bogota | 110111 | The Largest Community of Testers in the World | ?8EkZ9nD/n6LDE_ | [Pablo fill [Pablo enters 'Pablo Andres' into where we write the name, Pablo enters 'Hernandez' into where we write the lastname, Pablo enters 'pabloneketsu@gmail.com' into where we write the email, Pablo clicks on where we write the month, Pablo clicks on where we write the day, Pablo clicks on where we write the year, Pablo clicks on button to go to the next step:location, Pablo enters 'Bogota' into select the city, Pablo types 'ARROW_DOWN' in select the city, Pablo types 'ENTER' in select the city, Pablo enters '110111' into write the postal code, Pablo clicks on button to go to the next step:devices, Pablo clicks on button to go to the next step:devices]]]
[Test worker] WARN net.thucydides.core.steps.BaseStepListener - stepStarted: net.thucydides.core.steps.ExecutedStepDescription@742a4012
[Test worker] WARN net.thucydides.core.steps.BaseStepListener - stepFinished: current outcome:Create a new profile complying with all the page requirements:Example: {name=Pablo Andres, lastName=Hernandez, email=pabloneketsu@gmail.com, month=May, day=17, year=1992, city=Bogota, zip_code=110111, user=The Largest Community of Testers in the World, password=?8EkZ9nD/n6LDE_} [Given that Pablo wants create a new profile on Utest [Pablo open up [Pablo opens the Automation challenge page, Pablo clicks on button to start the creation of new profile]], When he complying all the require steps
| name | lastName | email | month | day | year | city | zip_code | user | password |
| Pablo Andres | Hernandez | pabloneketsu@gmail.com | May | 17 | 1992 | Bogota | 110111 | The Largest Community of Testers in the World | ?8EkZ9nD/n6LDE_ | [Pablo fill [Pablo enters 'Pablo Andres' into where we write the name, Pablo enters 'Hernandez' into where we write the lastname, Pablo enters 'pabloneketsu@gmail.com' into where we write the email, Pablo clicks on where we write the month, Pablo clicks on where we write the day, Pablo clicks on where we write the year, Pablo clicks on button to go to the next step:location, Pablo enters 'Bogota' into select the city, Pablo types 'ARROW_DOWN' in select the city, Pablo types 'ENTER' in select the city, Pablo enters '110111' into write the postal code, Pablo clicks on button to go to the next step:devices, Pablo clicks on button to go to the next step:devices, Pablo enters '?8EkZ9nD/n6LDE_' into where we write the password]]]
[Test worker] WARN net.thucydides.core.steps.BaseStepListener - stepStarted: net.thucydides.core.steps.ExecutedStepDescription@71694d9a
[Test worker] WARN net.thucydides.core.steps.BaseStepListener - stepFinished: current outcome:Create a new profile complying with all the page requirements:Example: {name=Pablo Andres, lastName=Hernandez, email=pabloneketsu@gmail.com, month=May, day=17, year=1992, city=Bogota, zip_code=110111, user=The Largest Community of Testers in the World, password=?8EkZ9nD/n6LDE_} [Given that Pablo wants create a new profile on Utest [Pablo open up [Pablo opens the Automation challenge page, Pablo clicks on button to start the creation of new profile]], When he complying all the require steps
| name | lastName | email | month | day | year | city | zip_code | user | password |
| Pablo Andres | Hernandez | pabloneketsu@gmail.com | May | 17 | 1992 | Bogota | 110111 | The Largest Community of Testers in the World | ?8EkZ9nD/n6LDE_ | [Pablo fill [Pablo enters 'Pablo Andres' into where we write the name, Pablo enters 'Hernandez' into where we write the lastname, Pablo enters 'pabloneketsu@gmail.com' into where we write the email, Pablo clicks on where we write the month, Pablo clicks on where we write the day, Pablo clicks on where we write the year, Pablo clicks on button to go to the next step:location, Pablo enters 'Bogota' into select the city, Pablo types 'ARROW_DOWN' in select the city, Pablo types 'ENTER' in select the city, Pablo enters '110111' into write the postal code, Pablo clicks on button to go to the next step:devices, Pablo clicks on button to go to the next step:devices, Pablo enters '?8EkZ9nD/n6LDE_' into where we write the password, Pablo enters '?8EkZ9nD/n6LDE_' into where we write the confirm password]]]
[Test worker] WARN net.thucydides.core.steps.BaseStepListener - stepStarted: net.thucydides.core.steps.ExecutedStepDescription@a8c7f5a
[Test worker] WARN net.thucydides.core.steps.BaseStepListener - stepFinished: current outcome:Create a new profile complying with all the page requirements:Example: {name=Pablo Andres, lastName=Hernandez, email=pabloneketsu@gmail.com, month=May, day=17, year=1992, city=Bogota, zip_code=110111, user=The Largest Community of Testers in the World, password=?8EkZ9nD/n6LDE_} [Given that Pablo wants create a new profile on Utest [Pablo open up [Pablo opens the Automation challenge page, Pablo clicks on button to start the creation of new profile]], When he complying all the require steps
| name | lastName | email | month | day | year | city | zip_code | user | password |
| Pablo Andres | Hernandez | pabloneketsu@gmail.com | May | 17 | 1992 | Bogota | 110111 | The Largest Community of Testers in the World | ?8EkZ9nD/n6LDE_ | [Pablo fill [Pablo enters 'Pablo Andres' into where we write the name, Pablo enters 'Hernandez' into where we write the lastname, Pablo enters 'pabloneketsu@gmail.com' into where we write the email, Pablo clicks on where we write the month, Pablo clicks on where we write the day, Pablo clicks on where we write the year, Pablo clicks on button to go to the next step:location, Pablo enters 'Bogota' into select the city, Pablo types 'ARROW_DOWN' in select the city, Pablo types 'ENTER' in select the city, Pablo enters '110111' into write the postal code, Pablo clicks on button to go to the next step:devices, Pablo clicks on button to go to the next step:devices, Pablo enters '?8EkZ9nD/n6LDE_' into where we write the password, Pablo enters '?8EkZ9nD/n6LDE_' into where we write the confirm password, Pablo clicks on check the option one]]]
[Test worker] WARN net.thucydides.core.steps.BaseStepListener - stepStarted: net.thucydides.core.steps.ExecutedStepDescription@57e20454
[Test worker] WARN net.thucydides.core.steps.BaseStepListener - stepFinished: current outcome:Create a new profile complying with all the page requirements:Example: {name=Pablo Andres, lastName=Hernandez, email=pabloneketsu@gmail.com, month=May, day=17, year=1992, city=Bogota, zip_code=110111, user=The Largest Community of Testers in the World, password=?8EkZ9nD/n6LDE_} [Given that Pablo wants create a new profile on Utest [Pablo open up [Pablo opens the Automation challenge page, Pablo clicks on button to start the creation of new profile]], When he complying all the require steps
| name | lastName | email | month | day | year | city | zip_code | user | password |
| Pablo Andres | Hernandez | pabloneketsu@gmail.com | May | 17 | 1992 | Bogota | 110111 | The Largest Community of Testers in the World | ?8EkZ9nD/n6LDE_ | [Pablo fill [Pablo enters 'Pablo Andres' into where we write the name, Pablo enters 'Hernandez' into where we write the lastname, Pablo enters 'pabloneketsu@gmail.com' into where we write the email, Pablo clicks on where we write the month, Pablo clicks on where we write the day, Pablo clicks on where we write the year, Pablo clicks on button to go to the next step:location, Pablo enters 'Bogota' into select the city, Pablo types 'ARROW_DOWN' in select the city, Pablo types 'ENTER' in select the city, Pablo enters '110111' into write the postal code, Pablo clicks on button to go to the next step:devices, Pablo clicks on button to go to the next step:devices, Pablo enters '?8EkZ9nD/n6LDE_' into where we write the password, Pablo enters '?8EkZ9nD/n6LDE_' into where we write the confirm password, Pablo clicks on check the option one, Pablo clicks on check the option one]]]
[Test worker] WARN net.thucydides.core.steps.BaseStepListener - stepStarted: net.thucydides.core.steps.ExecutedStepDescription@1c15da84
[Test worker] WARN net.thucydides.core.steps.BaseStepListener - stepFinished: current outcome:Create a new profile complying with all the page requirements:Example: {name=Pablo Andres, lastName=Hernandez, email=pabloneketsu@gmail.com, month=May, day=17, year=1992, city=Bogota, zip_code=110111, user=The Largest Community of Testers in the World, password=?8EkZ9nD/n6LDE_} [Given that Pablo wants create a new profile on Utest [Pablo open up [Pablo opens the Automation challenge page, Pablo clicks on button to start the creation of new profile]], When he complying all the require steps
| name | lastName | email | month | day | year | city | zip_code | user | password |
| Pablo Andres | Hernandez | pabloneketsu@gmail.com | May | 17 | 1992 | Bogota | 110111 | The Largest Community of Testers in the World | ?8EkZ9nD/n6LDE_ | [Pablo fill [Pablo enters 'Pablo Andres' into where we write the name, Pablo enters 'Hernandez' into where we write the lastname, Pablo enters 'pabloneketsu@gmail.com' into where we write the email, Pablo clicks on where we write the month, Pablo clicks on where we write the day, Pablo clicks on where we write the year, Pablo clicks on button to go to the next step:location, Pablo enters 'Bogota' into select the city, Pablo types 'ARROW_DOWN' in select the city, Pablo types 'ENTER' in select the city, Pablo enters '110111' into write the postal code, Pablo clicks on button to go to the next step:devices, Pablo clicks on button to go to the next step:devices, Pablo enters '?8EkZ9nD/n6LDE_' into where we write the password, Pablo enters '?8EkZ9nD/n6LDE_' into where we write the confirm password, Pablo clicks on check the option one, Pablo clicks on check the option one, Pablo clicks on check the option one]]]
[Test worker] WARN net.thucydides.core.steps.BaseStepListener - stepStarted: net.thucydides.core.steps.ExecutedStepDescription@704c9535
[Test worker] WARN net.thucydides.core.steps.BaseStepListener - stepFinished: current outcome:Create a new profile complying with all the page requirements:Example: {name=Pablo Andres, lastName=Hernandez, email=pabloneketsu@gmail.com, month=May, day=17, year=1992, city=Bogota, zip_code=110111, user=The Largest Community of Testers in the World, password=?8EkZ9nD/n6LDE_} [Given that Pablo wants create a new profile on Utest [Pablo open up [Pablo opens the Automation challenge page, Pablo clicks on button to start the creation of new profile]], When he complying all the require steps
| name | lastName | email | month | day | year | city | zip_code | user | password |
| Pablo Andres | Hernandez | pabloneketsu@gmail.com | May | 17 | 1992 | Bogota | 110111 | The Largest Community of Testers in the World | ?8EkZ9nD/n6LDE_ | [Pablo fill [Pablo enters 'Pablo Andres' into where we write the name, Pablo enters 'Hernandez' into where we write the lastname, Pablo enters 'pabloneketsu@gmail.com' into where we write the email, Pablo clicks on where we write the month, Pablo clicks on where we write the day, Pablo clicks on where we write the year, Pablo clicks on button to go to the next step:location, Pablo enters 'Bogota' into select the city, Pablo types 'ARROW_DOWN' in select the city, Pablo types 'ENTER' in select the city, Pablo enters '110111' into write the postal code, Pablo clicks on button to go to the next step:devices, Pablo clicks on button to go to the next step:devices, Pablo enters '?8EkZ9nD/n6LDE_' into where we write the password, Pablo enters '?8EkZ9nD/n6LDE_' into where we write the confirm password, Pablo clicks on check the option one, Pablo clicks on check the option one, Pablo clicks on check the option one, Pablo clicks on button to go to the next step:last]]]
[Test worker] WARN net.thucydides.core.steps.BaseStepListener - stepFinished: current outcome:Create a new profile complying with all the page requirements:Example: {name=Pablo Andres, lastName=Hernandez, email=pabloneketsu@gmail.com, month=May, day=17, year=1992, city=Bogota, zip_code=110111, user=The Largest Community of Testers in the World, password=?8EkZ9nD/n6LDE_} [Given that Pablo wants create a new profile on Utest [Pablo open up [Pablo opens the Automation challenge page, Pablo clicks on button to start the creation of new profile]], When he complying all the require steps
| name | lastName | email | month | day | year | city | zip_code | user | password |
| Pablo Andres | Hernandez | pabloneketsu@gmail.com | May | 17 | 1992 | Bogota | 110111 | The Largest Community of Testers in the World | ?8EkZ9nD/n6LDE_ | [Pablo fill [Pablo enters 'Pablo Andres' into where we write the name, Pablo enters 'Hernandez' into where we write the lastname, Pablo enters 'pabloneketsu@gmail.com' into where we write the email, Pablo clicks on where we write the month, Pablo clicks on where we write the day, Pablo clicks on where we write the year, Pablo clicks on button to go to the next step:location, Pablo enters 'Bogota' into select the city, Pablo types 'ARROW_DOWN' in select the city, Pablo types 'ENTER' in select the city, Pablo enters '110111' into write the postal code, Pablo clicks on button to go to the next step:devices, Pablo clicks on button to go to the next step:devices, Pablo enters '?8EkZ9nD/n6LDE_' into where we write the password, Pablo enters '?8EkZ9nD/n6LDE_' into where we write the confirm password, Pablo clicks on check the option one, Pablo clicks on check the option one, Pablo clicks on check the option one, Pablo clicks on button to go to the next step:last]]]
[Test worker] WARN net.thucydides.core.steps.BaseStepListener - stepFinished: current outcome:Create a new profile complying with all the page requirements:Example: {name=Pablo Andres, lastName=Hernandez, email=pabloneketsu@gmail.com, month=May, day=17, year=1992, city=Bogota, zip_code=110111, user=The Largest Community of Testers in the World, password=?8EkZ9nD/n6LDE_} [Given that Pablo wants create a new profile on Utest [Pablo open up [Pablo opens the Automation challenge page, Pablo clicks on button to start the creation of new profile]], When he complying all the require steps
| name | lastName | email | month | day | year | city | zip_code | user | password |
| Pablo Andres | Hernandez | pabloneketsu@gmail.com | May | 17 | 1992 | Bogota | 110111 | The Largest Community of Testers in the World | ?8EkZ9nD/n6LDE_ | [Pablo fill [Pablo enters 'Pablo Andres' into where we write the name, Pablo enters 'Hernandez' into where we write the lastname, Pablo enters 'pabloneketsu@gmail.com' into where we write the email, Pablo clicks on where we write the month, Pablo clicks on where we write the day, Pablo clicks on where we write the year, Pablo clicks on button to go to the next step:location, Pablo enters 'Bogota' into select the city, Pablo types 'ARROW_DOWN' in select the city, Pablo types 'ENTER' in select the city, Pablo enters '110111' into write the postal code, Pablo clicks on button to go to the next step:devices, Pablo clicks on button to go to the next step:devices, Pablo enters '?8EkZ9nD/n6LDE_' into where we write the password, Pablo enters '?8EkZ9nD/n6LDE_' into where we write the confirm password, Pablo clicks on check the option one, Pablo clicks on check the option one, Pablo clicks on check the option one, Pablo clicks on button to go to the next step:last]]]
[Test worker] WARN net.thucydides.core.steps.BaseStepListener - stepStarted: net.thucydides.core.steps.ExecutedStepDescription@5203691b
[Test worker] WARN net.thucydides.core.steps.BaseStepListener - testFinished: Create a new profile complying with all the page requirements:Example: {name=Pablo Andres, lastName=Hernandez, email=pabloneketsu@gmail.com, month=May, day=17, year=1992, city=Bogota, zip_code=110111, user=The Largest Community of Testers in the World, password=?8EkZ9nD/n6LDE_} [Given that Pablo wants create a new profile on Utest [Pablo open up [Pablo opens the Automation challenge page, Pablo clicks on button to start the creation of new profile]], When he complying all the require steps
| name | lastName | email | month | day | year | city | zip_code | user | password |
| Pablo Andres | Hernandez | pabloneketsu@gmail.com | May | 17 | 1992 | Bogota | 110111 | The Largest Community of Testers in the World | ?8EkZ9nD/n6LDE_ | [Pablo fill [Pablo enters 'Pablo Andres' into where we write the name, Pablo enters 'Hernandez' into where we write the lastname, Pablo enters 'pabloneketsu@gmail.com' into where we write the email, Pablo clicks on where we write the month, Pablo clicks on where we write the day, Pablo clicks on where we write the year, Pablo clicks on button to go to the next step:location, Pablo enters 'Bogota' into select the city, Pablo types 'ARROW_DOWN' in select the city, Pablo types 'ENTER' in select the city, Pablo enters '110111' into write the postal code, Pablo clicks on button to go to the next step:devices, Pablo clicks on button to go to the next step:devices, Pablo enters '?8EkZ9nD/n6LDE_' into where we write the password, Pablo enters '?8EkZ9nD/n6LDE_' into where we write the confirm password, Pablo clicks on check the option one, Pablo clicks on check the option one, Pablo clicks on check the option one, Pablo clicks on button to go to the next step:last]], Then the profile is create successful]
[Test worker] WARN net.thucydides.core.steps.BaseStepListener - TestOutcomes: [Create a new profile complying with all the page requirements:Example: {name=Pablo Andres, lastName=Hernandez, email=pabloneketsu@gmail.com, month=May, day=17, year=1992, city=Bogota, zip_code=110111, user=The Largest Community of Testers in the World, password=?8EkZ9nD/n6LDE_} [Given that Pablo wants create a new profile on Utest [Pablo open up [Pablo opens the Automation challenge page, Pablo clicks on button to start the creation of new profile]], When he complying all the require steps
| name | lastName | email | month | day | year | city | zip_code | user | password |
| Pablo Andres | Hernandez | pabloneketsu@gmail.com | May | 17 | 1992 | Bogota | 110111 | The Largest Community of Testers in the World | ?8EkZ9nD/n6LDE_ | [Pablo fill [Pablo enters 'Pablo Andres' into where we write the name, Pablo enters 'Hernandez' into where we write the lastname, Pablo enters 'pabloneketsu@gmail.com' into where we write the email, Pablo clicks on where we write the month, Pablo clicks on where we write the day, Pablo clicks on where we write the year, Pablo clicks on button to go to the next step:location, Pablo enters 'Bogota' into select the city, Pablo types 'ARROW_DOWN' in select the city, Pablo types 'ENTER' in select the city, Pablo enters '110111' into write the postal code, Pablo clicks on button to go to the next step:devices, Pablo clicks on button to go to the next step:devices, Pablo enters '?8EkZ9nD/n6LDE_' into where we write the password, Pablo enters '?8EkZ9nD/n6LDE_' into where we write the confirm password, Pablo clicks on check the option one, Pablo clicks on check the option one, Pablo clicks on check the option one, Pablo clicks on button to go to the next step:last]], Then the profile is create successful]]
[Test worker] WARN net.thucydides.core.steps.BaseStepListener - Final testOutcomes: [Create a new profile complying with all the page requirements:Example: {name=Pablo Andres, lastName=Hernandez, email=pabloneketsu@gmail.com, month=May, day=17, year=1992, city=Bogota, zip_code=110111, user=The Largest Community of Testers in the World, password=?8EkZ9nD/n6LDE_} [Given that Pablo wants create a new profile on Utest [Pablo open up [Pablo opens the Automation challenge page, Pablo clicks on button to start the creation of new profile]], When he complying all the require steps
| name | lastName | email | month | day | year | city | zip_code | user | password |
| Pablo Andres | Hernandez | pabloneketsu@gmail.com | May | 17 | 1992 | Bogota | 110111 | The Largest Community of Testers in the World | ?8EkZ9nD/n6LDE_ | [Pablo fill [Pablo enters 'Pablo Andres' into where we write the name, Pablo enters 'Hernandez' into where we write the lastname, Pablo enters 'pabloneketsu@gmail.com' into where we write the email, Pablo clicks on where we write the month, Pablo clicks on where we write the day, Pablo clicks on where we write the year, Pablo clicks on button to go to the next step:location, Pablo enters 'Bogota' into select the city, Pablo types 'ARROW_DOWN' in select the city, Pablo types 'ENTER' in select the city, Pablo enters '110111' into write the postal code, Pablo clicks on button to go to the next step:devices, Pablo clicks on button to go to the next step:devices, Pablo enters '?8EkZ9nD/n6LDE_' into where we write the password, Pablo enters '?8EkZ9nD/n6LDE_' into where we write the confirm password, Pablo clicks on check the option one, Pablo clicks on check the option one, Pablo clicks on check the option one, Pablo clicks on button to go to the next step:last]], Then the profile is create successful]]
[Test worker] ERROR net.thucydides.core.steps.ConsoleLoggingListener - 
           __  _____ _____ ____ _____   _____ _    ___ _     _____ ____  
  _       / / |_   _| ____/ ___|_   _| |  ___/ \  |_ _| |   | ____|  _ \ 
 (_)_____| |    | | |  _| \___ \ | |   | |_ / _ \  | || |   |  _| | | | |
  _|_____| |    | | | |___ ___) || |   |  _/ ___ \ | || |___| |___| |_| |
 (_)     | |    |_| |_____|____/ |_|   |_|/_/   \_\___|_____|_____|____/ 
          \_\                                                            

TEST FAILED WITH ERROR: Create a new profile complying with all the page requirements
---------------------------------------------------------------------
[Test worker] ERROR net.thucydides.core.steps.ConsoleLoggingListener - TEST FAILED AT STEP Then the profile is create successful
[Test worker] ERROR net.thucydides.core.steps.ConsoleLoggingListener - Arity mismatch: Step Definition 'stepdefinitions.AutomationChallengeStepDefinitions.theProfileIsCreateSuccessful(AutomationChallengeData>) in file:/C:/Users/Usuario/IdeaProjects/retoTecnicoBancolombia/build/classes/java/test/' with pattern [^the profile is create successful$] is declared with 1 parameters. However, the gherkin step has 0 arguments []. 
]]></system-err>
</testsuite>
